<?xml version="1.0" encoding="UTF-8"?>
<!-- Generated by org.testng.reporters.JUnitReportReporter -->
<testsuite hostname="DESKTOP-D716IJ6" failures="0" tests="3" name="CrossBrowserExecution.FacebookTest" time="69.687" errors="0" timestamp="2023-01-26T18:17:23 IST" skipped="0">
  <testcase classname="CrossBrowserExecution.FacebookTest" name="fb" time="23.546"/>
  <system-out/>
  <testcase classname="CrossBrowserExecution.FacebookTest" name="fb" time="20.072"/>
  <system-out/>
  <testcase classname="CrossBrowserExecution.FacebookTest" name="fb" time="26.069"/>
  <system-out/>
</testsuite> <!-- CrossBrowserExecution.FacebookTest -->
