<?xml version="1.0" encoding="UTF-8"?>
<!-- Generated by org.testng.reporters.JUnitReportReporter -->
<testsuite hostname="DESKTOP-D716IJ6" failures="0" tests="3" name="DataProvider.DataProviders" time="0.015" errors="0" timestamp="2023-01-30T17:37:23 IST" skipped="0">
  <testcase classname="DataProvider.DataProviders" name="ticketBooking" time="0.002"/>
  <system-out/>
  <testcase classname="DataProvider.DataProviders" name="ticketBooking" time="0.011"/>
  <system-out/>
  <testcase classname="DataProvider.DataProviders" name="ticketBooking" time="0.002"/>
  <system-out/>
</testsuite> <!-- DataProvider.DataProviders -->
