<?xml version="1.0" encoding="UTF-8"?>
<!-- Generated by org.testng.reporters.JUnitReportReporter -->
<testsuite hostname="DESKTOP-D716IJ6" failures="0" tests="2" name="seleniumGrid.CrossBrowser" time="18.330" errors="0" timestamp="2023-02-12T21:36:13 IST" skipped="0">
  <testcase classname="seleniumGrid.CrossBrowser" name="openFb" time="6.554"/>
  <system-out/>
  <testcase classname="seleniumGrid.CrossBrowser" name="openFb" time="11.776"/>
  <system-out/>
</testsuite> <!-- seleniumGrid.CrossBrowser -->
