<?xml version="1.0" encoding="UTF-8"?>
<!-- Generated by org.testng.reporters.JUnitReportReporter -->
<testsuite hostname="DESKTOP-D716IJ6" failures="0" tests="1" name="edu.TestScripts.CreateOrganization" time="8.591" errors="0" timestamp="2023-02-14T12:47:54 IST" skipped="0">
  <testcase classname="edu.TestScripts.CreateOrganization" name="createOrg" time="8.591"/>
  <system-out/>
</testsuite> <!-- edu.TestScripts.CreateOrganization -->
