<?xml version="1.0" encoding="UTF-8"?>
<!-- Generated by org.testng.reporters.JUnitReportReporter -->
<testsuite hostname="DESKTOP-D716IJ6" failures="0" tests="3" name="edu.GroupExecution.GroupExecutionPractice1" time="0.005" errors="0" timestamp="2023-01-26T10:59:51 IST" skipped="0">
  <testcase classname="edu.GroupExecution.GroupExecutionPractice1" name="test1OfP1" time="0.002"/>
  <system-out/>
  <testcase classname="edu.GroupExecution.GroupExecutionPractice1" name="test0OfP1" time="0.002"/>
  <system-out/>
  <testcase classname="edu.GroupExecution.GroupExecutionPractice1" name="test2OfP1" time="0.001"/>
  <system-out/>
</testsuite> <!-- edu.GroupExecution.GroupExecutionPractice1 -->
