<?xml version="1.0" encoding="UTF-8"?>
<!-- Generated by org.testng.reporters.JUnitReportReporter -->
<testsuite hostname="DESKTOP-D716IJ6" failures="0" tests="1" name="edu.listenerImp.CreateOrganization" time="37.658" errors="0" timestamp="2023-02-14T10:59:57 IST" skipped="0">
  <testcase classname="edu.listenerImp.CreateOrganization" name="createOrg" time="37.658"/>
  <system-out/>
</testsuite> <!-- edu.listenerImp.CreateOrganization -->
