<?xml version="1.0" encoding="UTF-8"?>
<!-- Generated by org.testng.reporters.JUnitReportReporter -->
<testsuite hostname="DESKTOP-D716IJ6" failures="0" tests="1" name="DistributedParallelExecution.SecondTest" time="0.015" errors="0" timestamp="2023-01-26T17:21:38 IST" skipped="0">
  <testcase classname="DistributedParallelExecution.SecondTest" name="secondTest" time="0.015"/>
  <system-out/>
</testsuite> <!-- DistributedParallelExecution.SecondTest -->
