<?xml version="1.0" encoding="UTF-8"?>
<!-- Generated by org.testng.reporters.JUnitReportReporter -->
<testsuite hostname="DESKTOP-D716IJ6" failures="0" tests="1" name="edu.listenerImp.CreateOrganization" time="23.196" errors="0" timestamp="2023-02-09T22:48:14 IST" skipped="0">
  <testcase classname="edu.listenerImp.CreateOrganization" name="createOrg" time="23.196"/>
  <system-out/>
</testsuite> <!-- edu.listenerImp.CreateOrganization -->
