<?xml version="1.0" encoding="UTF-8"?>
<!-- Generated by org.testng.reporters.JUnitReportReporter -->
<testsuite hostname="DESKTOP-D716IJ6" failures="0" tests="1" name="edu.practice.GridExecution" time="5.422" errors="0" timestamp="2023-02-12T21:34:25 IST" skipped="0">
  <testcase classname="edu.practice.GridExecution" name="google" time="5.422"/>
  <system-out/>
</testsuite> <!-- edu.practice.GridExecution -->
