<?xml version="1.0" encoding="UTF-8"?>
<!-- Generated by org.testng.reporters.JUnitReportReporter -->
<testsuite hostname="DESKTOP-D716IJ6" failures="0" tests="6" name="edu.TestNG.CombinationOfPriorityNInvocation" time="0.019" errors="0" timestamp="2023-01-24T17:56:55 IST" skipped="0">
  <testcase classname="edu.TestNG.CombinationOfPriorityNInvocation" name="test1" time="0.009"/>
  <system-out>
    <![CDATA[test1]]>
  </system-out>
  <testcase classname="edu.TestNG.CombinationOfPriorityNInvocation" name="test2" time="0.002"/>
  <system-out>
    <![CDATA[test2]]>
  </system-out>
  <testcase classname="edu.TestNG.CombinationOfPriorityNInvocation" name="test2" time="0.002"/>
  <system-out>
    <![CDATA[test2]]>
  </system-out>
  <testcase classname="edu.TestNG.CombinationOfPriorityNInvocation" name="test2" time="0.002"/>
  <system-out>
    <![CDATA[test2]]>
  </system-out>
  <testcase classname="edu.TestNG.CombinationOfPriorityNInvocation" name="test0" time="0.003"/>
  <system-out>
    <![CDATA[test0]]>
  </system-out>
  <testcase classname="edu.TestNG.CombinationOfPriorityNInvocation" name="test0" time="0.001"/>
  <system-out>
    <![CDATA[test0]]>
  </system-out>
</testsuite> <!-- edu.TestNG.CombinationOfPriorityNInvocation -->
