<?xml version="1.0" encoding="UTF-8"?>
<!-- Generated by org.testng.reporters.JUnitReportReporter -->
<testsuite hostname="DESKTOP-D716IJ6" failures="0" tests="1" name="edu.TestScripts.ChooseIndustryInCreateOrgnaization2" time="8.422" errors="0" timestamp="2023-02-14T12:41:10 IST" skipped="0">
  <testcase classname="edu.TestScripts.ChooseIndustryInCreateOrgnaization2" name="ChooseIndustryInCreateOrg" time="8.422"/>
  <system-out/>
</testsuite> <!-- edu.TestScripts.ChooseIndustryInCreateOrgnaization2 -->
