<?xml version="1.0" encoding="UTF-8"?>
<!-- Generated by org.testng.reporters.JUnitReportReporter -->
<testsuite hostname="DESKTOP-D716IJ6" failures="0" tests="1" name="DistributedParallelExecution.sixthTest" time="0.003" errors="0" timestamp="2023-01-26T17:21:38 IST" skipped="0">
  <testcase classname="DistributedParallelExecution.sixthTest" name="SixthTest" time="0.003"/>
  <system-out/>
</testsuite> <!-- DistributedParallelExecution.sixthTest -->
