<?xml version="1.0" encoding="UTF-8"?>
<!-- Generated by org.testng.reporters.JUnitReportReporter -->
<testsuite hostname="DESKTOP-D716IJ6" failures="0" tests="1" name="advanceSelenium.XMLParameterization" time="0.011" errors="0" timestamp="2023-01-11T16:47:12 IST" skipped="0">
  <testcase classname="advanceSelenium.XMLParameterization" name="m1" time="0.011"/>
  <system-out/>
</testsuite> <!-- advanceSelenium.XMLParameterization -->
