<?xml version="1.0" encoding="UTF-8"?>
<!-- Generated by org.testng.reporters.JUnitReportReporter -->
<testsuite hostname="DESKTOP-D716IJ6" failures="0" tests="3" name="DataProvider.ExcelDataProvider" time="0.007" errors="0" timestamp="2023-02-07T15:00:05 IST" skipped="0">
  <testcase classname="DataProvider.ExcelDataProvider" name="printTicket" time="0.001"/>
  <system-out/>
  <testcase classname="DataProvider.ExcelDataProvider" name="printTicket" time="0.001"/>
  <system-out/>
  <testcase classname="DataProvider.ExcelDataProvider" name="printTicket" time="0.005"/>
  <system-out/>
</testsuite> <!-- DataProvider.ExcelDataProvider -->
