<?xml version="1.0" encoding="UTF-8"?>
<!-- Generated by org.testng.reporters.JUnitReportReporter -->
<testsuite hostname="DESKTOP-D716IJ6" failures="0" tests="1" name="edu.ListenersImplementation.Test2" time="0.003" errors="0" timestamp="2023-01-28T17:08:37 IST" skipped="0">
  <testcase classname="edu.ListenersImplementation.Test2" name="test2" time="0.003"/>
  <system-out/>
</testsuite> <!-- edu.ListenersImplementation.Test2 -->
