<?xml version="1.0" encoding="UTF-8"?>
<!-- Generated by org.testng.reporters.JUnitReportReporter -->
<testsuite hostname="DESKTOP-D716IJ6" failures="0" tests="2" name="DataProvider.FacebookLogin" time="46.657" errors="0" timestamp="2023-02-07T15:35:44 IST" skipped="0">
  <testcase classname="DataProvider.FacebookLogin" name="login" time="23.586"/>
  <system-out/>
  <testcase classname="DataProvider.FacebookLogin" name="login" time="23.071"/>
  <system-out/>
</testsuite> <!-- DataProvider.FacebookLogin -->
