<?xml version="1.0" encoding="UTF-8"?>
<!-- Generated by org.testng.reporters.JUnitReportReporter -->
<testsuite hostname="DESKTOP-D716IJ6" failures="0" tests="2" name="edu.TestNG.DependsOnMethodsTS" time="129.474" errors="0" timestamp="2023-01-24T18:34:42 IST" skipped="0">
  <testcase classname="edu.TestNG.DependsOnMethodsTS" name="LoginApplication" time="97.315"/>
  <system-out/>
  <testcase classname="edu.TestNG.DependsOnMethodsTS" name="openActitime" time="32.159"/>
  <system-out/>
</testsuite> <!-- edu.TestNG.DependsOnMethodsTS -->
