<?xml version="1.0" encoding="UTF-8"?>
<!-- Generated by org.testng.reporters.JUnitReportReporter -->
<testsuite hostname="DESKTOP-D716IJ6" failures="0" tests="2" name="edu.GroupExecution.GroupExecutionPractice3" time="0.002" errors="0" timestamp="2023-01-26T10:59:51 IST" skipped="0">
  <testcase classname="edu.GroupExecution.GroupExecutionPractice3" name="test2OfP3" time="0.001"/>
  <system-out/>
  <testcase classname="edu.GroupExecution.GroupExecutionPractice3" name="test0OfP3" time="0.001"/>
  <system-out/>
</testsuite> <!-- edu.GroupExecution.GroupExecutionPractice3 -->
