<?xml version="1.0" encoding="UTF-8"?>
<!-- Generated by org.testng.reporters.JUnitReportReporter -->
<testsuite hostname="DESKTOP-D716IJ6" failures="0" tests="1" name="edu.ListenersImplementation.TestCase1" time="0.004" errors="0" timestamp="2023-01-27T17:42:20 IST" skipped="0">
  <testcase classname="edu.ListenersImplementation.TestCase1" name="test" time="0.004"/>
  <system-out/>
</testsuite> <!-- edu.ListenersImplementation.TestCase1 -->
