<?xml version="1.0" encoding="UTF-8"?>
<!-- Generated by org.testng.reporters.JUnitReportReporter -->
<testsuite hostname="DESKTOP-D716IJ6" failures="0" tests="1" name="edu.TestNgImplemented.ChooseIndustryInCreateOrgnaization2" time="45.359" errors="0" timestamp="2023-02-01T13:22:56 IST" skipped="0">
  <testcase classname="edu.TestNgImplemented.ChooseIndustryInCreateOrgnaization2" name="ChooseIndustryInCreateOrg" time="45.359"/>
  <system-out/>
</testsuite> <!-- edu.TestNgImplemented.ChooseIndustryInCreateOrgnaization2 -->
