<?xml version="1.0" encoding="UTF-8"?>
<!-- Generated by org.testng.reporters.JUnitReportReporter -->
<testsuite hostname="DESKTOP-D716IJ6" failures="0" tests="1" name="edu.TestScripts.AddContactToExisitingOrganaization" time="9.225" errors="0" timestamp="2023-02-14T12:41:10 IST" skipped="0">
  <testcase classname="edu.TestScripts.AddContactToExisitingOrganaization" name="AddContact" time="9.225"/>
  <system-out/>
</testsuite> <!-- edu.TestScripts.AddContactToExisitingOrganaization -->
