<?xml version="1.0" encoding="UTF-8"?>
<!-- Generated by org.testng.reporters.JUnitReportReporter -->
<testsuite hostname="DESKTOP-D716IJ6" failures="0" tests="6" name="edu.TestNG.DisableTestCase" time="0.013" errors="0" timestamp="2023-01-24T18:01:07 IST" skipped="1">
  <testcase classname="edu.TestNG.DisableTestCase" name="test2" time="0.002"/>
  <system-out>
    <![CDATA[test2]]>
  </system-out>
  <testcase classname="edu.TestNG.DisableTestCase" name="test2" time="0.007"/>
  <system-out>
    <![CDATA[test2]]>
  </system-out>
  <testcase classname="edu.TestNG.DisableTestCase" name="test2" time="0.001"/>
  <system-out>
    <![CDATA[test2]]>
  </system-out>
  <testcase classname="edu.TestNG.DisableTestCase" name="test0" time="0.001"/>
  <system-out>
    <![CDATA[test0]]>
  </system-out>
  <testcase classname="edu.TestNG.DisableTestCase" name="test0" time="0.002"/>
  <system-out>
    <![CDATA[test0]]>
  </system-out>
  <testcase classname="edu.TestNG.DisableTestCase" name="test1">
    <skipped/>
  </testcase> <!-- test1 -->
  <system-out/>
</testsuite> <!-- edu.TestNG.DisableTestCase -->
