<?xml version="1.0" encoding="UTF-8"?>
<!-- Generated by org.testng.reporters.JUnitReportReporter -->
<testsuite hostname="DESKTOP-D716IJ6" failures="0" tests="3" name="CrossBrowserExecution.SwiggyTest" time="95.797" errors="0" timestamp="2023-01-26T18:17:23 IST" skipped="0">
  <testcase classname="CrossBrowserExecution.SwiggyTest" name="swiggy" time="33.472"/>
  <system-out/>
  <testcase classname="CrossBrowserExecution.SwiggyTest" name="swiggy" time="21.854"/>
  <system-out/>
  <testcase classname="CrossBrowserExecution.SwiggyTest" name="swiggy" time="40.471"/>
  <system-out/>
</testsuite> <!-- CrossBrowserExecution.SwiggyTest -->
