<?xml version="1.0" encoding="UTF-8"?>
<!-- Generated by org.testng.reporters.JUnitReportReporter -->
<testsuite hostname="DESKTOP-D716IJ6" failures="0" tests="1" name="edu.ListenersImplementation.Test3" time="0.017" errors="0" timestamp="2023-01-28T17:08:37 IST" skipped="0">
  <testcase classname="edu.ListenersImplementation.Test3" name="test3" time="0.017"/>
  <system-out/>
</testsuite> <!-- edu.ListenersImplementation.Test3 -->
