<?xml version="1.0" encoding="UTF-8"?>
<!-- Generated by org.testng.reporters.JUnitReportReporter -->
<testsuite hostname="DESKTOP-D716IJ6" failures="0" tests="1" name="edu.TestNgImplemented.AddContactToExisitingOrganaization" time="15.482" errors="0" timestamp="2023-02-01T21:25:41 IST" skipped="0">
  <testcase classname="edu.TestNgImplemented.AddContactToExisitingOrganaization" name="AddContact" time="15.482"/>
  <system-out/>
</testsuite> <!-- edu.TestNgImplemented.AddContactToExisitingOrganaization -->
