<?xml version="1.0" encoding="UTF-8"?>
<!-- Generated by org.testng.reporters.JUnitReportReporter -->
<testsuite hostname="DESKTOP-D716IJ6" failures="0" tests="1" name="batchExecution.FirstTest" time="0.005" errors="0" timestamp="2023-02-05T12:44:38 IST" skipped="0">
  <testcase classname="batchExecution.FirstTest" name="firstTest" time="0.005"/>
  <system-out/>
</testsuite> <!-- batchExecution.FirstTest -->
