<?xml version="1.0" encoding="UTF-8"?>
<!-- Generated by org.testng.reporters.JUnitReportReporter -->
<testsuite hostname="DESKTOP-D716IJ6" failures="0" tests="1" name="edu.BatchExecution.FirstTest" time="0.015" errors="0" timestamp="2023-01-25T18:09:31 IST" skipped="0">
  <testcase classname="edu.BatchExecution.FirstTest" name="firstTest" time="0.015"/>
  <system-out/>
</testsuite> <!-- edu.BatchExecution.FirstTest -->
