<?xml version="1.0" encoding="UTF-8"?>
<!-- Generated by org.testng.reporters.JUnitReportReporter -->
<testsuite hostname="DESKTOP-D716IJ6" failures="0" tests="2" name="edu.TestNG.Annotations" time="0.010" errors="0" timestamp="2023-01-25T17:54:00 IST" skipped="1">
  <testcase classname="edu.TestNG.Annotations" name="test" time="0.010"/>
  <system-out/>
  <testcase classname="edu.TestNG.Annotations" name="openFacebook">
    <skipped/>
  </testcase> <!-- openFacebook -->
  <system-out/>
</testsuite> <!-- edu.TestNG.Annotations -->
