<?xml version="1.0" encoding="UTF-8"?>
<!-- Generated by org.testng.reporters.JUnitReportReporter -->
<testsuite hostname="DESKTOP-D716IJ6" failures="0" tests="1" name="edu.BatchExecution.ThirdTest" time="0.002" errors="0" timestamp="2023-01-25T18:09:31 IST" skipped="0">
  <testcase classname="edu.BatchExecution.ThirdTest" name="Thirdtest" time="0.002"/>
  <system-out/>
</testsuite> <!-- edu.BatchExecution.ThirdTest -->
