<?xml version="1.0" encoding="UTF-8"?>
<!-- Generated by org.testng.reporters.JUnitReportReporter -->
<testsuite hostname="DESKTOP-D716IJ6" failures="0" tests="2" name="seleniumGrid.Practice1" time="39.600" errors="0" timestamp="2023-02-02T17:51:18 IST" skipped="0">
  <testcase classname="seleniumGrid.Practice1" name="demo" time="20.802"/>
  <system-out/>
  <testcase classname="seleniumGrid.Practice1" name="demo" time="18.798"/>
  <system-out/>
</testsuite> <!-- seleniumGrid.Practice1 -->
