<?xml version="1.0" encoding="UTF-8"?>
<!-- Generated by org.testng.reporters.JUnitReportReporter -->
<testsuite hostname="DESKTOP-D716IJ6" failures="0" tests="2" name="seleniumGrid.CrossBrowser" time="20.525" errors="0" timestamp="2023-02-03T11:55:52 IST" skipped="0">
  <testcase classname="seleniumGrid.CrossBrowser" name="openFb" time="13.208"/>
  <system-out/>
  <testcase classname="seleniumGrid.CrossBrowser" name="openFb" time="7.317"/>
  <system-out/>
</testsuite> <!-- seleniumGrid.CrossBrowser -->
