<?xml version="1.0" encoding="UTF-8"?>
<!-- Generated by org.testng.reporters.JUnitReportReporter -->
<testsuite hostname="DESKTOP-D716IJ6" failures="0" tests="1" name="DistributedParallelExecution.FourthTest" time="0.004" errors="0" timestamp="2023-01-26T17:21:38 IST" skipped="0">
  <testcase classname="DistributedParallelExecution.FourthTest" name="fourthTest" time="0.004"/>
  <system-out/>
</testsuite> <!-- DistributedParallelExecution.FourthTest -->
