<?xml version="1.0" encoding="UTF-8"?>
<!-- Generated by org.testng.reporters.JUnitReportReporter -->
<testsuite hostname="DESKTOP-D716IJ6" failures="0" tests="3" name="DataProvider.ExcelDataProvider" time="0.013" errors="0" timestamp="2023-01-30T18:40:36 IST" skipped="0">
  <testcase classname="DataProvider.ExcelDataProvider" name="printTicket" time="0.001"/>
  <system-out/>
  <testcase classname="DataProvider.ExcelDataProvider" name="printTicket" time="0.002"/>
  <system-out/>
  <testcase classname="DataProvider.ExcelDataProvider" name="printTicket" time="0.010"/>
  <system-out/>
</testsuite> <!-- DataProvider.ExcelDataProvider -->
