<?xml version="1.0" encoding="UTF-8"?>
<!-- Generated by org.testng.reporters.JUnitReportReporter -->
<testsuite hostname="DESKTOP-D716IJ6" failures="0" tests="5" name="edu.TestNG.PriorityPractice" time="0.017" errors="0" timestamp="2023-01-25T17:40:11 IST" skipped="0">
  <testcase classname="edu.TestNG.PriorityPractice" name="test3" time="0.009"/>
  <system-out>
    <![CDATA[test3]]>
  </system-out>
  <testcase classname="edu.TestNG.PriorityPractice" name="test4" time="0.002"/>
  <system-out>
    <![CDATA[test4]]>
  </system-out>
  <testcase classname="edu.TestNG.PriorityPractice" name="test0" time="0.002"/>
  <system-out>
    <![CDATA[test0]]>
  </system-out>
  <testcase classname="edu.TestNG.PriorityPractice" name="test2" time="0.002"/>
  <system-out>
    <![CDATA[test2]]>
  </system-out>
  <testcase classname="edu.TestNG.PriorityPractice" name="test1" time="0.002"/>
  <system-out>
    <![CDATA[test1]]>
  </system-out>
</testsuite> <!-- edu.TestNG.PriorityPractice -->
