<?xml version="1.0" encoding="UTF-8"?>
<!-- Generated by org.testng.reporters.JUnitReportReporter -->
<testsuite hostname="DESKTOP-D716IJ6" failures="0" tests="1" name="seleniumGrid.Practice2" time="17.112" errors="0" timestamp="2023-02-03T11:42:25 IST" skipped="0">
  <testcase classname="seleniumGrid.Practice2" name="demo" time="17.112"/>
  <system-out/>
</testsuite> <!-- seleniumGrid.Practice2 -->
