<?xml version="1.0" encoding="UTF-8"?>
<!-- Generated by org.testng.reporters.JUnitReportReporter -->
<testsuite hostname="DESKTOP-D716IJ6" failures="0" tests="1" name="edu.BatchExecution.SecondTest" time="0.001" errors="0" timestamp="2023-01-25T18:09:31 IST" skipped="0">
  <testcase classname="edu.BatchExecution.SecondTest" name="secondTest" time="0.001"/>
  <system-out/>
</testsuite> <!-- edu.BatchExecution.SecondTest -->
