<?xml version="1.0" encoding="UTF-8"?>
<!-- Generated by org.testng.reporters.JUnitReportReporter -->
<testsuite hostname="DESKTOP-D716IJ6" failures="0" tests="1" name="DistributedParallelExecution.FifthTest" time="0.008" errors="0" timestamp="2023-01-26T17:21:38 IST" skipped="0">
  <testcase classname="DistributedParallelExecution.FifthTest" name="fifthTest" time="0.008"/>
  <system-out/>
</testsuite> <!-- DistributedParallelExecution.FifthTest -->
