<?xml version="1.0" encoding="UTF-8"?>
<!-- Generated by org.testng.reporters.JUnitReportReporter -->
<testsuite hostname="DESKTOP-D716IJ6" failures="0" tests="1" name="IAnnotationTransformer.Test2" time="0.001" errors="0" timestamp="2023-01-28T18:20:27 IST" skipped="0">
  <testcase classname="IAnnotationTransformer.Test2" name="test2" time="0.001"/>
  <system-out/>
</testsuite> <!-- IAnnotationTransformer.Test2 -->
