<?xml version="1.0" encoding="UTF-8"?>
<!-- Generated by org.testng.reporters.JUnitReportReporter -->
<testsuite hostname="DESKTOP-D716IJ6" failures="0" tests="1" name="edu.TestNgImplemented.CreateLeads" time="43.824" errors="0" timestamp="2023-02-02T13:06:19 IST" skipped="0">
  <testcase classname="edu.TestNgImplemented.CreateLeads" name="leadCreation" time="43.824"/>
  <system-out/>
</testsuite> <!-- edu.TestNgImplemented.CreateLeads -->
