<?xml version="1.0" encoding="UTF-8"?>
<!-- Generated by org.testng.reporters.JUnitReportReporter -->
<testsuite hostname="DESKTOP-D716IJ6" failures="0" tests="1" name="edu.TestNgImplemented.CreateOrganization" time="17.251" errors="0" timestamp="2023-02-07T14:58:39 IST" skipped="0">
  <testcase classname="edu.TestNgImplemented.CreateOrganization" name="createOrg" time="17.251"/>
  <system-out/>
</testsuite> <!-- edu.TestNgImplemented.CreateOrganization -->
