<?xml version="1.0" encoding="UTF-8"?>
<!-- Generated by org.testng.reporters.JUnitReportReporter -->
<testsuite hostname="DESKTOP-D716IJ6" failures="0" tests="2" name="edu.GroupExecution.GroupExecutionPractice2" time="0.014" errors="0" timestamp="2023-01-26T10:59:51 IST" skipped="0">
  <testcase classname="edu.GroupExecution.GroupExecutionPractice2" name="test2OfP2" time="0.002"/>
  <system-out/>
  <testcase classname="edu.GroupExecution.GroupExecutionPractice2" name="test0OfP2" time="0.012"/>
  <system-out/>
</testsuite> <!-- edu.GroupExecution.GroupExecutionPractice2 -->
